0 info it worked if it ends with ok
1 verbose cli [ 'D:\\Program Files\\nodejs\\node.exe',
1 verbose cli   'D:\\Program Files\\nodejs\\node_modules\\npm\\bin\\npm-cli.js',
1 verbose cli   'run',
1 verbose cli   'demo' ]
2 info using npm@3.10.10
3 info using node@v6.10.3
4 verbose run-script [ 'predemo', 'demo', 'postdemo' ]
5 info lifecycle pandyle@0.0.4~predemo: pandyle@0.0.4
6 silly lifecycle pandyle@0.0.4~predemo: no script for predemo, continuing
7 info lifecycle pandyle@0.0.4~demo: pandyle@0.0.4
8 verbose lifecycle pandyle@0.0.4~demo: unsafe-perm in lifecycle true
9 verbose lifecycle pandyle@0.0.4~demo: PATH: D:\Program Files\nodejs\node_modules\npm\bin\node-gyp-bin;D:\Git仓库\pandyle\node_modules\.bin;C:\WINDOWS\system32;C:\WINDOWS;C:\WINDOWS\System32\Wbem;C:\WINDOWS\System32\WindowsPowerShell\v1.0\;D:\Program Files\nodejs\;C:\Users\37082\AppData\Local\Microsoft\WindowsApps;;D:\Program Files (x86)\Microsoft VS Code\bin;C:\Users\37082\AppData\Roaming\npm
10 verbose lifecycle pandyle@0.0.4~demo: CWD: D:\Git仓库\pandyle
11 silly lifecycle pandyle@0.0.4~demo: Args: [ '/d /s /c', 'tsc demo/test2.ts' ]
12 silly lifecycle pandyle@0.0.4~demo: Returned: code: 2  signal: null
13 info lifecycle pandyle@0.0.4~demo: Failed to exec demo script
14 verbose stack Error: pandyle@0.0.4 demo: `tsc demo/test2.ts`
14 verbose stack Exit status 2
14 verbose stack     at EventEmitter.<anonymous> (D:\Program Files\nodejs\node_modules\npm\lib\utils\lifecycle.js:255:16)
14 verbose stack     at emitTwo (events.js:106:13)
14 verbose stack     at EventEmitter.emit (events.js:191:7)
14 verbose stack     at ChildProcess.<anonymous> (D:\Program Files\nodejs\node_modules\npm\lib\utils\spawn.js:40:14)
14 verbose stack     at emitTwo (events.js:106:13)
14 verbose stack     at ChildProcess.emit (events.js:191:7)
14 verbose stack     at maybeClose (internal/child_process.js:886:16)
14 verbose stack     at Process.ChildProcess._handle.onexit (internal/child_process.js:226:5)
15 verbose pkgid pandyle@0.0.4
16 verbose cwd D:\Git仓库\pandyle
17 error Windows_NT 10.0.16299
18 error argv "D:\\Program Files\\nodejs\\node.exe" "D:\\Program Files\\nodejs\\node_modules\\npm\\bin\\npm-cli.js" "run" "demo"
19 error node v6.10.3
20 error npm  v3.10.10
21 error code ELIFECYCLE
22 error pandyle@0.0.4 demo: `tsc demo/test2.ts`
22 error Exit status 2
23 error Failed at the pandyle@0.0.4 demo script 'tsc demo/test2.ts'.
23 error Make sure you have the latest version of node.js and npm installed.
23 error If you do, this is most likely a problem with the pandyle package,
23 error not with npm itself.
23 error Tell the author that this fails on your system:
23 error     tsc demo/test2.ts
23 error You can get information on how to open an issue for this project with:
23 error     npm bugs pandyle
23 error Or if that isn't available, you can get their info via:
23 error     npm owner ls pandyle
23 error There is likely additional logging output above.
24 verbose exit [ 1, true ]
